<?xml version="1.0" encoding="UTF-8"?>
<testsuite xmlns:xsi="http://www.w3.org/2001/XMLSchema-instance" xsi:noNamespaceSchemaLocation="https://maven.apache.org/surefire/maven-surefire-plugin/xsd/surefire-test-report.xsd" name="com.refengSGL.test.ShellTest" time="0" tests="1" errors="0" skipped="0" failures="0">
  <properties>
    <property name="sun.desktop" value="windows"/>
    <property name="awt.toolkit" value="sun.awt.windows.WToolkit"/>
    <property name="file.encoding.pkg" value="sun.io"/>
    <property name="java.specification.version" value="1.8"/>
    <property name="sun.cpu.isalist" value="amd64"/>
    <property name="sun.jnu.encoding" value="GBK"/>
    <property name="java.class.path" value="D:\项目及报告\Project\code-obfuscation\target\test-classes;D:\项目及报告\Project\code-obfuscation\target\classes;D:\Workspace\MavenRepository\org\springframework\boot\spring-boot-starter\2.4.5\spring-boot-starter-2.4.5.jar;D:\Workspace\MavenRepository\org\springframework\boot\spring-boot\2.4.5\spring-boot-2.4.5.jar;D:\Workspace\MavenRepository\org\springframework\spring-context\5.3.6\spring-context-5.3.6.jar;D:\Workspace\MavenRepository\org\springframework\boot\spring-boot-autoconfigure\2.4.5\spring-boot-autoconfigure-2.4.5.jar;D:\Workspace\MavenRepository\org\springframework\boot\spring-boot-starter-logging\2.4.5\spring-boot-starter-logging-2.4.5.jar;D:\Workspace\MavenRepository\ch\qos\logback\logback-classic\1.2.3\logback-classic-1.2.3.jar;D:\Workspace\MavenRepository\org\apache\logging\log4j\log4j-to-slf4j\2.13.3\log4j-to-slf4j-2.13.3.jar;D:\Workspace\MavenRepository\org\apache\logging\log4j\log4j-api\2.13.3\log4j-api-2.13.3.jar;D:\Workspace\MavenRepository\jakarta\annotation\jakarta.annotation-api\1.3.5\jakarta.annotation-api-1.3.5.jar;D:\Workspace\MavenRepository\org\springframework\spring-core\5.3.6\spring-core-5.3.6.jar;D:\Workspace\MavenRepository\org\springframework\spring-jcl\5.3.6\spring-jcl-5.3.6.jar;D:\Workspace\MavenRepository\org\yaml\snakeyaml\1.27\snakeyaml-1.27.jar;D:\Workspace\MavenRepository\org\springframework\boot\spring-boot-starter-test\2.4.5\spring-boot-starter-test-2.4.5.jar;D:\Workspace\MavenRepository\org\springframework\boot\spring-boot-test\2.4.5\spring-boot-test-2.4.5.jar;D:\Workspace\MavenRepository\org\springframework\boot\spring-boot-test-autoconfigure\2.4.5\spring-boot-test-autoconfigure-2.4.5.jar;D:\Workspace\MavenRepository\com\jayway\jsonpath\json-path\2.4.0\json-path-2.4.0.jar;D:\Workspace\MavenRepository\net\minidev\json-smart\2.3\json-smart-2.3.jar;D:\Workspace\MavenRepository\net\minidev\accessors-smart\1.2\accessors-smart-1.2.jar;D:\Workspace\MavenRepository\jakarta\xml\bind\jakarta.xml.bind-api\2.3.3\jakarta.xml.bind-api-2.3.3.jar;D:\Workspace\MavenRepository\jakarta\activation\jakarta.activation-api\1.2.2\jakarta.activation-api-1.2.2.jar;D:\Workspace\MavenRepository\org\assertj\assertj-core\3.18.1\assertj-core-3.18.1.jar;D:\Workspace\MavenRepository\org\hamcrest\hamcrest\2.2\hamcrest-2.2.jar;D:\Workspace\MavenRepository\org\junit\jupiter\junit-jupiter\5.7.1\junit-jupiter-5.7.1.jar;D:\Workspace\MavenRepository\org\junit\jupiter\junit-jupiter-api\5.7.1\junit-jupiter-api-5.7.1.jar;D:\Workspace\MavenRepository\org\apiguardian\apiguardian-api\1.1.0\apiguardian-api-1.1.0.jar;D:\Workspace\MavenRepository\org\opentest4j\opentest4j\1.2.0\opentest4j-1.2.0.jar;D:\Workspace\MavenRepository\org\junit\platform\junit-platform-commons\1.7.1\junit-platform-commons-1.7.1.jar;D:\Workspace\MavenRepository\org\junit\jupiter\junit-jupiter-params\5.7.1\junit-jupiter-params-5.7.1.jar;D:\Workspace\MavenRepository\org\junit\jupiter\junit-jupiter-engine\5.7.1\junit-jupiter-engine-5.7.1.jar;D:\Workspace\MavenRepository\org\junit\platform\junit-platform-engine\1.7.1\junit-platform-engine-1.7.1.jar;D:\Workspace\MavenRepository\org\mockito\mockito-core\3.6.28\mockito-core-3.6.28.jar;D:\Workspace\MavenRepository\net\bytebuddy\byte-buddy\1.10.22\byte-buddy-1.10.22.jar;D:\Workspace\MavenRepository\net\bytebuddy\byte-buddy-agent\1.10.22\byte-buddy-agent-1.10.22.jar;D:\Workspace\MavenRepository\org\objenesis\objenesis\3.1\objenesis-3.1.jar;D:\Workspace\MavenRepository\org\mockito\mockito-junit-jupiter\3.6.28\mockito-junit-jupiter-3.6.28.jar;D:\Workspace\MavenRepository\org\skyscreamer\jsonassert\1.5.0\jsonassert-1.5.0.jar;D:\Workspace\MavenRepository\com\vaadin\external\google\android-json\0.0.20131108.vaadin1\android-json-0.0.20131108.vaadin1.jar;D:\Workspace\MavenRepository\org\springframework\spring-test\5.3.6\spring-test-5.3.6.jar;D:\Workspace\MavenRepository\org\xmlunit\xmlunit-core\2.7.0\xmlunit-core-2.7.0.jar;D:\Workspace\MavenRepository\org\springframework\boot\spring-boot-starter-data-jpa\2.4.5\spring-boot-starter-data-jpa-2.4.5.jar;D:\Workspace\MavenRepository\org\springframework\boot\spring-boot-starter-aop\2.4.5\spring-boot-starter-aop-2.4.5.jar;D:\Workspace\MavenRepository\org\springframework\spring-aop\5.3.6\spring-aop-5.3.6.jar;D:\Workspace\MavenRepository\org\aspectj\aspectjweaver\1.9.6\aspectjweaver-1.9.6.jar;D:\Workspace\MavenRepository\org\springframework\boot\spring-boot-starter-jdbc\2.4.5\spring-boot-starter-jdbc-2.4.5.jar;D:\Workspace\MavenRepository\com\zaxxer\HikariCP\3.4.5\HikariCP-3.4.5.jar;D:\Workspace\MavenRepository\org\springframework\spring-jdbc\5.3.6\spring-jdbc-5.3.6.jar;D:\Workspace\MavenRepository\jakarta\transaction\jakarta.transaction-api\1.3.3\jakarta.transaction-api-1.3.3.jar;D:\Workspace\MavenRepository\jakarta\persistence\jakarta.persistence-api\2.2.3\jakarta.persistence-api-2.2.3.jar;D:\Workspace\MavenRepository\org\hibernate\hibernate-core\5.4.30.Final\hibernate-core-5.4.30.Final.jar;D:\Workspace\MavenRepository\org\jboss\logging\jboss-logging\3.4.1.Final\jboss-logging-3.4.1.Final.jar;D:\Workspace\MavenRepository\org\javassist\javassist\3.27.0-GA\javassist-3.27.0-GA.jar;D:\Workspace\MavenRepository\antlr\antlr\2.7.7\antlr-2.7.7.jar;D:\Workspace\MavenRepository\org\jboss\jandex\2.2.3.Final\jandex-2.2.3.Final.jar;D:\Workspace\MavenRepository\com\fasterxml\classmate\1.5.1\classmate-1.5.1.jar;D:\Workspace\MavenRepository\org\dom4j\dom4j\2.1.3\dom4j-2.1.3.jar;D:\Workspace\MavenRepository\org\hibernate\common\hibernate-commons-annotations\5.1.2.Final\hibernate-commons-annotations-5.1.2.Final.jar;D:\Workspace\MavenRepository\org\glassfish\jaxb\jaxb-runtime\2.3.4\jaxb-runtime-2.3.4.jar;D:\Workspace\MavenRepository\org\glassfish\jaxb\txw2\2.3.4\txw2-2.3.4.jar;D:\Workspace\MavenRepository\com\sun\istack\istack-commons-runtime\3.0.12\istack-commons-runtime-3.0.12.jar;D:\Workspace\MavenRepository\com\sun\activation\jakarta.activation\1.2.2\jakarta.activation-1.2.2.jar;D:\Workspace\MavenRepository\org\springframework\data\spring-data-jpa\2.4.8\spring-data-jpa-2.4.8.jar;D:\Workspace\MavenRepository\org\springframework\data\spring-data-commons\2.4.8\spring-data-commons-2.4.8.jar;D:\Workspace\MavenRepository\org\springframework\spring-orm\5.3.6\spring-orm-5.3.6.jar;D:\Workspace\MavenRepository\org\springframework\spring-tx\5.3.6\spring-tx-5.3.6.jar;D:\Workspace\MavenRepository\org\springframework\spring-beans\5.3.6\spring-beans-5.3.6.jar;D:\Workspace\MavenRepository\org\springframework\spring-aspects\5.3.6\spring-aspects-5.3.6.jar;D:\Workspace\MavenRepository\org\springframework\boot\spring-boot-starter-web\2.4.5\spring-boot-starter-web-2.4.5.jar;D:\Workspace\MavenRepository\org\springframework\boot\spring-boot-starter-json\2.4.5\spring-boot-starter-json-2.4.5.jar;D:\Workspace\MavenRepository\com\fasterxml\jackson\datatype\jackson-datatype-jdk8\2.11.4\jackson-datatype-jdk8-2.11.4.jar;D:\Workspace\MavenRepository\com\fasterxml\jackson\datatype\jackson-datatype-jsr310\2.11.4\jackson-datatype-jsr310-2.11.4.jar;D:\Workspace\MavenRepository\com\fasterxml\jackson\module\jackson-module-parameter-names\2.11.4\jackson-module-parameter-names-2.11.4.jar;D:\Workspace\MavenRepository\org\springframework\boot\spring-boot-starter-tomcat\2.4.5\spring-boot-starter-tomcat-2.4.5.jar;D:\Workspace\MavenRepository\org\apache\tomcat\embed\tomcat-embed-core\9.0.45\tomcat-embed-core-9.0.45.jar;D:\Workspace\MavenRepository\org\glassfish\jakarta.el\3.0.3\jakarta.el-3.0.3.jar;D:\Workspace\MavenRepository\org\apache\tomcat\embed\tomcat-embed-websocket\9.0.45\tomcat-embed-websocket-9.0.45.jar;D:\Workspace\MavenRepository\org\springframework\spring-web\5.3.6\spring-web-5.3.6.jar;D:\Workspace\MavenRepository\org\springframework\spring-webmvc\5.3.6\spring-webmvc-5.3.6.jar;D:\Workspace\MavenRepository\org\springframework\spring-expression\5.3.6\spring-expression-5.3.6.jar;D:\Workspace\MavenRepository\com\baomidou\mybatis-plus-boot-starter\3.4.2\mybatis-plus-boot-starter-3.4.2.jar;D:\Workspace\MavenRepository\com\baomidou\mybatis-plus\3.4.2\mybatis-plus-3.4.2.jar;D:\Workspace\MavenRepository\org\projectlombok\lombok\1.18.20\lombok-1.18.20.jar;D:\Workspace\MavenRepository\ch\qos\logback\logback-core\1.2.3\logback-core-1.2.3.jar;D:\Workspace\MavenRepository\com\alibaba\fastjson\1.2.76\fastjson-1.2.76.jar;D:\Workspace\MavenRepository\com\baomidou\mybatis-plus-generator\3.4.0\mybatis-plus-generator-3.4.0.jar;D:\Workspace\MavenRepository\com\baomidou\mybatis-plus-extension\3.4.0\mybatis-plus-extension-3.4.0.jar;D:\Workspace\MavenRepository\com\baomidou\mybatis-plus-core\3.4.0\mybatis-plus-core-3.4.0.jar;D:\Workspace\MavenRepository\com\baomidou\mybatis-plus-annotation\3.4.0\mybatis-plus-annotation-3.4.0.jar;D:\Workspace\MavenRepository\com\github\jsqlparser\jsqlparser\3.2\jsqlparser-3.2.jar;D:\Workspace\MavenRepository\org\mybatis\mybatis\3.5.5\mybatis-3.5.5.jar;D:\Workspace\MavenRepository\org\mybatis\mybatis-spring\2.0.5\mybatis-spring-2.0.5.jar;D:\Workspace\MavenRepository\mysql\mysql-connector-java\8.0.23\mysql-connector-java-8.0.23.jar;D:\Workspace\MavenRepository\joda-time\joda-time\2.10.1\joda-time-2.10.1.jar;D:\Workspace\MavenRepository\com\alibaba\druid-spring-boot-starter\1.2.1\druid-spring-boot-starter-1.2.1.jar;D:\Workspace\MavenRepository\com\alibaba\druid\1.2.1\druid-1.2.1.jar;D:\Workspace\MavenRepository\org\slf4j\slf4j-api\1.7.30\slf4j-api-1.7.30.jar;D:\Workspace\MavenRepository\com\auth0\java-jwt\4.3.0\java-jwt-4.3.0.jar;D:\Workspace\MavenRepository\com\fasterxml\jackson\core\jackson-databind\2.11.4\jackson-databind-2.11.4.jar;D:\Workspace\MavenRepository\com\fasterxml\jackson\core\jackson-annotations\2.11.4\jackson-annotations-2.11.4.jar;D:\Workspace\MavenRepository\cn\dev33\sa-token-spring-boot-starter\1.34.0\sa-token-spring-boot-starter-1.34.0.jar;D:\Workspace\MavenRepository\cn\dev33\sa-token-servlet\1.34.0\sa-token-servlet-1.34.0.jar;D:\Workspace\MavenRepository\cn\dev33\sa-token-core\1.34.0\sa-token-core-1.34.0.jar;D:\Workspace\MavenRepository\cn\dev33\sa-token-spring-boot-autoconfig\1.34.0\sa-token-spring-boot-autoconfig-1.34.0.jar;D:\Workspace\MavenRepository\commons-io\commons-io\2.11.0\commons-io-2.11.0.jar;D:\Workspace\MavenRepository\org\apache\commons\commons-lang3\3.11\commons-lang3-3.11.jar;D:\Workspace\MavenRepository\org\apache\tika\tika-parsers\1.17\tika-parsers-1.17.jar;D:\Workspace\MavenRepository\org\apache\tika\tika-core\1.17\tika-core-1.17.jar;D:\Workspace\MavenRepository\org\gagravarr\vorbis-java-tika\0.8\vorbis-java-tika-0.8.jar;D:\Workspace\MavenRepository\com\healthmarketscience\jackcess\jackcess\2.1.8\jackcess-2.1.8.jar;D:\Workspace\MavenRepository\commons-lang\commons-lang\2.6\commons-lang-2.6.jar;D:\Workspace\MavenRepository\com\healthmarketscience\jackcess\jackcess-encrypt\2.1.2\jackcess-encrypt-2.1.2.jar;D:\Workspace\MavenRepository\org\tallison\jmatio\1.2\jmatio-1.2.jar;D:\Workspace\MavenRepository\org\apache\james\apache-mime4j-core\0.8.1\apache-mime4j-core-0.8.1.jar;D:\Workspace\MavenRepository\org\apache\james\apache-mime4j-dom\0.8.1\apache-mime4j-dom-0.8.1.jar;D:\Workspace\MavenRepository\org\apache\commons\commons-compress\1.14\commons-compress-1.14.jar;D:\Workspace\MavenRepository\org\tukaani\xz\1.6\xz-1.6.jar;D:\Workspace\MavenRepository\commons-codec\commons-codec\1.15\commons-codec-1.15.jar;D:\Workspace\MavenRepository\org\apache\pdfbox\pdfbox\2.0.8\pdfbox-2.0.8.jar;D:\Workspace\MavenRepository\org\apache\pdfbox\fontbox\2.0.8\fontbox-2.0.8.jar;D:\Workspace\MavenRepository\org\apache\pdfbox\pdfbox-tools\2.0.8\pdfbox-tools-2.0.8.jar;D:\Workspace\MavenRepository\org\apache\pdfbox\jempbox\1.8.13\jempbox-1.8.13.jar;D:\Workspace\MavenRepository\org\bouncycastle\bcmail-jdk15on\1.54\bcmail-jdk15on-1.54.jar;D:\Workspace\MavenRepository\org\bouncycastle\bcpkix-jdk15on\1.54\bcpkix-jdk15on-1.54.jar;D:\Workspace\MavenRepository\org\bouncycastle\bcprov-jdk15on\1.54\bcprov-jdk15on-1.54.jar;D:\Workspace\MavenRepository\org\apache\poi\poi\3.17\poi-3.17.jar;D:\Workspace\MavenRepository\org\apache\commons\commons-collections4\4.1\commons-collections4-4.1.jar;D:\Workspace\MavenRepository\org\apache\poi\poi-scratchpad\3.17\poi-scratchpad-3.17.jar;D:\Workspace\MavenRepository\org\apache\poi\poi-ooxml\3.17\poi-ooxml-3.17.jar;D:\Workspace\MavenRepository\org\apache\poi\poi-ooxml-schemas\3.17\poi-ooxml-schemas-3.17.jar;D:\Workspace\MavenRepository\org\apache\xmlbeans\xmlbeans\2.6.0\xmlbeans-2.6.0.jar;D:\Workspace\MavenRepository\com\github\virtuald\curvesapi\1.04\curvesapi-1.04.jar;D:\Workspace\MavenRepository\org\ccil\cowan\tagsoup\tagsoup\1.2.1\tagsoup-1.2.1.jar;D:\Workspace\MavenRepository\org\ow2\asm\asm\5.0.4\asm-5.0.4.jar;D:\Workspace\MavenRepository\com\googlecode\mp4parser\isoparser\1.1.18\isoparser-1.1.18.jar;D:\Workspace\MavenRepository\com\drewnoakes\metadata-extractor\2.10.1\metadata-extractor-2.10.1.jar;D:\Workspace\MavenRepository\com\adobe\xmp\xmpcore\5.1.3\xmpcore-5.1.3.jar;D:\Workspace\MavenRepository\de\l3s\boilerpipe\boilerpipe\1.1.0\boilerpipe-1.1.0.jar;D:\Workspace\MavenRepository\com\rometools\rome\1.5.1\rome-1.5.1.jar;D:\Workspace\MavenRepository\com\rometools\rome-utils\1.5.1\rome-utils-1.5.1.jar;D:\Workspace\MavenRepository\org\gagravarr\vorbis-java-core\0.8\vorbis-java-core-0.8.jar;D:\Workspace\MavenRepository\com\googlecode\juniversalchardet\juniversalchardet\1.0.3\juniversalchardet-1.0.3.jar;D:\Workspace\MavenRepository\org\codelibs\jhighlight\1.0.2\jhighlight-1.0.2.jar;D:\Workspace\MavenRepository\com\pff\java-libpst\0.8.1\java-libpst-0.8.1.jar;D:\Workspace\MavenRepository\com\github\junrar\junrar\0.7\junrar-0.7.jar;D:\Workspace\MavenRepository\org\apache\cxf\cxf-rt-rs-client\3.0.16\cxf-rt-rs-client-3.0.16.jar;D:\Workspace\MavenRepository\org\apache\cxf\cxf-rt-transports-http\3.0.16\cxf-rt-transports-http-3.0.16.jar;D:\Workspace\MavenRepository\org\apache\cxf\cxf-core\3.0.16\cxf-core-3.0.16.jar;D:\Workspace\MavenRepository\org\codehaus\woodstox\woodstox-core-asl\4.4.1\woodstox-core-asl-4.4.1.jar;D:\Workspace\MavenRepository\org\codehaus\woodstox\stax2-api\3.1.4\stax2-api-3.1.4.jar;D:\Workspace\MavenRepository\org\apache\ws\xmlschema\xmlschema-core\2.2.2\xmlschema-core-2.2.2.jar;D:\Workspace\MavenRepository\org\apache\cxf\cxf-rt-frontend-jaxrs\3.0.16\cxf-rt-frontend-jaxrs-3.0.16.jar;D:\Workspace\MavenRepository\javax\ws\rs\javax.ws.rs-api\2.0.1\javax.ws.rs-api-2.0.1.jar;D:\Workspace\MavenRepository\javax\annotation\javax.annotation-api\1.3.2\javax.annotation-api-1.3.2.jar;D:\Workspace\MavenRepository\org\apache\commons\commons-exec\1.3\commons-exec-1.3.jar;D:\Workspace\MavenRepository\org\apache\opennlp\opennlp-tools\1.8.3\opennlp-tools-1.8.3.jar;D:\Workspace\MavenRepository\com\googlecode\json-simple\json-simple\1.1.1\json-simple-1.1.1.jar;D:\Workspace\MavenRepository\com\tdunning\json\1.8\json-1.8.jar;D:\Workspace\MavenRepository\com\google\code\gson\gson\2.8.6\gson-2.8.6.jar;D:\Workspace\MavenRepository\org\slf4j\jul-to-slf4j\1.7.30\jul-to-slf4j-1.7.30.jar;D:\Workspace\MavenRepository\org\slf4j\jcl-over-slf4j\1.7.30\jcl-over-slf4j-1.7.30.jar;D:\Workspace\MavenRepository\edu\ucar\netcdf4\4.5.5\netcdf4-4.5.5.jar;D:\Workspace\MavenRepository\net\jcip\jcip-annotations\1.0\jcip-annotations-1.0.jar;D:\Workspace\MavenRepository\net\java\dev\jna\jna\4.1.0\jna-4.1.0.jar;D:\Workspace\MavenRepository\edu\ucar\grib\4.5.5\grib-4.5.5.jar;D:\Workspace\MavenRepository\com\google\protobuf\protobuf-java\2.5.0\protobuf-java-2.5.0.jar;D:\Workspace\MavenRepository\org\jdom\jdom2\2.0.6\jdom2-2.0.6.jar;D:\Workspace\MavenRepository\org\jsoup\jsoup\1.7.2\jsoup-1.7.2.jar;D:\Workspace\MavenRepository\org\itadaki\bzip2\0.9.1\bzip2-0.9.1.jar;D:\Workspace\MavenRepository\edu\ucar\cdm\4.5.5\cdm-4.5.5.jar;D:\Workspace\MavenRepository\edu\ucar\udunits\4.5.5\udunits-4.5.5.jar;D:\Workspace\MavenRepository\org\apache\httpcomponents\httpcore\4.4.14\httpcore-4.4.14.jar;D:\Workspace\MavenRepository\org\quartz-scheduler\quartz\2.3.2\quartz-2.3.2.jar;D:\Workspace\MavenRepository\com\mchange\mchange-commons-java\0.2.15\mchange-commons-java-0.2.15.jar;D:\Workspace\MavenRepository\net\sf\ehcache\ehcache-core\2.6.2\ehcache-core-2.6.2.jar;D:\Workspace\MavenRepository\com\google\guava\guava\17.0\guava-17.0.jar;D:\Workspace\MavenRepository\com\beust\jcommander\1.35\jcommander-1.35.jar;D:\Workspace\MavenRepository\edu\ucar\httpservices\4.5.5\httpservices-4.5.5.jar;D:\Workspace\MavenRepository\org\apache\httpcomponents\httpclient\4.5.13\httpclient-4.5.13.jar;D:\Workspace\MavenRepository\org\apache\httpcomponents\httpmime\4.5.13\httpmime-4.5.13.jar;D:\Workspace\MavenRepository\org\apache\commons\commons-csv\1.0\commons-csv-1.0.jar;D:\Workspace\MavenRepository\org\apache\sis\core\sis-utility\0.6\sis-utility-0.6.jar;D:\Workspace\MavenRepository\org\apache\sis\storage\sis-netcdf\0.6\sis-netcdf-0.6.jar;D:\Workspace\MavenRepository\org\apache\sis\storage\sis-storage\0.6\sis-storage-0.6.jar;D:\Workspace\MavenRepository\org\apache\sis\core\sis-referencing\0.6\sis-referencing-0.6.jar;D:\Workspace\MavenRepository\org\apache\sis\core\sis-metadata\0.6\sis-metadata-0.6.jar;D:\Workspace\MavenRepository\org\opengis\geoapi\3.0.0\geoapi-3.0.0.jar;D:\Workspace\MavenRepository\javax\measure\jsr-275\0.9.3\jsr-275-0.9.3.jar;D:\Workspace\MavenRepository\edu\usc\ir\sentiment-analysis-parser\0.1\sentiment-analysis-parser-0.1.jar;D:\Workspace\MavenRepository\com\fasterxml\jackson\core\jackson-core\2.11.4\jackson-core-2.11.4.jar;D:\Workspace\MavenRepository\cn\hutool\hutool-all\5.8.8\hutool-all-5.8.8.jar;D:\Workspace\MavenRepository\org\springframework\boot\spring-boot-starter-actuator\2.4.5\spring-boot-starter-actuator-2.4.5.jar;D:\Workspace\MavenRepository\org\springframework\boot\spring-boot-actuator-autoconfigure\2.4.5\spring-boot-actuator-autoconfigure-2.4.5.jar;D:\Workspace\MavenRepository\org\springframework\boot\spring-boot-actuator\2.4.5\spring-boot-actuator-2.4.5.jar;D:\Workspace\MavenRepository\io\micrometer\micrometer-core\1.6.6\micrometer-core-1.6.6.jar;D:\Workspace\MavenRepository\org\hdrhistogram\HdrHistogram\2.1.12\HdrHistogram-2.1.12.jar;D:\Workspace\MavenRepository\org\latencyutils\LatencyUtils\2.0.3\LatencyUtils-2.0.3.jar;"/>
    <property name="java.vm.vendor" value="Oracle Corporation"/>
    <property name="sun.arch.data.model" value="64"/>
    <property name="user.variant" value=""/>
    <property name="java.vendor.url" value="http://java.oracle.com/"/>
    <property name="user.timezone" value="Asia/Shanghai"/>
    <property name="java.vm.specification.version" value="1.8"/>
    <property name="os.name" value="Windows 10"/>
    <property name="user.country" value="CN"/>
    <property name="sun.java.launcher" value="SUN_STANDARD"/>
    <property name="sun.boot.library.path" value="C:\Program Files\Java\jdk1.8.0_221\jre\bin"/>
    <property name="sun.java.command" value="C:\Users\ZR\AppData\Local\Temp\surefire3622170195635748512\surefirebooter995751815517874369.jar C:\Users\ZR\AppData\Local\Temp\surefire3622170195635748512 2023-12-13T11-10-28_133-jvmRun1 surefire754032839042982944tmp surefire_03759685710136572530tmp"/>
    <property name="surefire.test.class.path" value="D:\项目及报告\Project\code-obfuscation\target\test-classes;D:\项目及报告\Project\code-obfuscation\target\classes;D:\Workspace\MavenRepository\org\springframework\boot\spring-boot-starter\2.4.5\spring-boot-starter-2.4.5.jar;D:\Workspace\MavenRepository\org\springframework\boot\spring-boot\2.4.5\spring-boot-2.4.5.jar;D:\Workspace\MavenRepository\org\springframework\spring-context\5.3.6\spring-context-5.3.6.jar;D:\Workspace\MavenRepository\org\springframework\boot\spring-boot-autoconfigure\2.4.5\spring-boot-autoconfigure-2.4.5.jar;D:\Workspace\MavenRepository\org\springframework\boot\spring-boot-starter-logging\2.4.5\spring-boot-starter-logging-2.4.5.jar;D:\Workspace\MavenRepository\ch\qos\logback\logback-classic\1.2.3\logback-classic-1.2.3.jar;D:\Workspace\MavenRepository\org\apache\logging\log4j\log4j-to-slf4j\2.13.3\log4j-to-slf4j-2.13.3.jar;D:\Workspace\MavenRepository\org\apache\logging\log4j\log4j-api\2.13.3\log4j-api-2.13.3.jar;D:\Workspace\MavenRepository\jakarta\annotation\jakarta.annotation-api\1.3.5\jakarta.annotation-api-1.3.5.jar;D:\Workspace\MavenRepository\org\springframework\spring-core\5.3.6\spring-core-5.3.6.jar;D:\Workspace\MavenRepository\org\springframework\spring-jcl\5.3.6\spring-jcl-5.3.6.jar;D:\Workspace\MavenRepository\org\yaml\snakeyaml\1.27\snakeyaml-1.27.jar;D:\Workspace\MavenRepository\org\springframework\boot\spring-boot-starter-test\2.4.5\spring-boot-starter-test-2.4.5.jar;D:\Workspace\MavenRepository\org\springframework\boot\spring-boot-test\2.4.5\spring-boot-test-2.4.5.jar;D:\Workspace\MavenRepository\org\springframework\boot\spring-boot-test-autoconfigure\2.4.5\spring-boot-test-autoconfigure-2.4.5.jar;D:\Workspace\MavenRepository\com\jayway\jsonpath\json-path\2.4.0\json-path-2.4.0.jar;D:\Workspace\MavenRepository\net\minidev\json-smart\2.3\json-smart-2.3.jar;D:\Workspace\MavenRepository\net\minidev\accessors-smart\1.2\accessors-smart-1.2.jar;D:\Workspace\MavenRepository\jakarta\xml\bind\jakarta.xml.bind-api\2.3.3\jakarta.xml.bind-api-2.3.3.jar;D:\Workspace\MavenRepository\jakarta\activation\jakarta.activation-api\1.2.2\jakarta.activation-api-1.2.2.jar;D:\Workspace\MavenRepository\org\assertj\assertj-core\3.18.1\assertj-core-3.18.1.jar;D:\Workspace\MavenRepository\org\hamcrest\hamcrest\2.2\hamcrest-2.2.jar;D:\Workspace\MavenRepository\org\junit\jupiter\junit-jupiter\5.7.1\junit-jupiter-5.7.1.jar;D:\Workspace\MavenRepository\org\junit\jupiter\junit-jupiter-api\5.7.1\junit-jupiter-api-5.7.1.jar;D:\Workspace\MavenRepository\org\apiguardian\apiguardian-api\1.1.0\apiguardian-api-1.1.0.jar;D:\Workspace\MavenRepository\org\opentest4j\opentest4j\1.2.0\opentest4j-1.2.0.jar;D:\Workspace\MavenRepository\org\junit\platform\junit-platform-commons\1.7.1\junit-platform-commons-1.7.1.jar;D:\Workspace\MavenRepository\org\junit\jupiter\junit-jupiter-params\5.7.1\junit-jupiter-params-5.7.1.jar;D:\Workspace\MavenRepository\org\junit\jupiter\junit-jupiter-engine\5.7.1\junit-jupiter-engine-5.7.1.jar;D:\Workspace\MavenRepository\org\junit\platform\junit-platform-engine\1.7.1\junit-platform-engine-1.7.1.jar;D:\Workspace\MavenRepository\org\mockito\mockito-core\3.6.28\mockito-core-3.6.28.jar;D:\Workspace\MavenRepository\net\bytebuddy\byte-buddy\1.10.22\byte-buddy-1.10.22.jar;D:\Workspace\MavenRepository\net\bytebuddy\byte-buddy-agent\1.10.22\byte-buddy-agent-1.10.22.jar;D:\Workspace\MavenRepository\org\objenesis\objenesis\3.1\objenesis-3.1.jar;D:\Workspace\MavenRepository\org\mockito\mockito-junit-jupiter\3.6.28\mockito-junit-jupiter-3.6.28.jar;D:\Workspace\MavenRepository\org\skyscreamer\jsonassert\1.5.0\jsonassert-1.5.0.jar;D:\Workspace\MavenRepository\com\vaadin\external\google\android-json\0.0.20131108.vaadin1\android-json-0.0.20131108.vaadin1.jar;D:\Workspace\MavenRepository\org\springframework\spring-test\5.3.6\spring-test-5.3.6.jar;D:\Workspace\MavenRepository\org\xmlunit\xmlunit-core\2.7.0\xmlunit-core-2.7.0.jar;D:\Workspace\MavenRepository\org\springframework\boot\spring-boot-starter-data-jpa\2.4.5\spring-boot-starter-data-jpa-2.4.5.jar;D:\Workspace\MavenRepository\org\springframework\boot\spring-boot-starter-aop\2.4.5\spring-boot-starter-aop-2.4.5.jar;D:\Workspace\MavenRepository\org\springframework\spring-aop\5.3.6\spring-aop-5.3.6.jar;D:\Workspace\MavenRepository\org\aspectj\aspectjweaver\1.9.6\aspectjweaver-1.9.6.jar;D:\Workspace\MavenRepository\org\springframework\boot\spring-boot-starter-jdbc\2.4.5\spring-boot-starter-jdbc-2.4.5.jar;D:\Workspace\MavenRepository\com\zaxxer\HikariCP\3.4.5\HikariCP-3.4.5.jar;D:\Workspace\MavenRepository\org\springframework\spring-jdbc\5.3.6\spring-jdbc-5.3.6.jar;D:\Workspace\MavenRepository\jakarta\transaction\jakarta.transaction-api\1.3.3\jakarta.transaction-api-1.3.3.jar;D:\Workspace\MavenRepository\jakarta\persistence\jakarta.persistence-api\2.2.3\jakarta.persistence-api-2.2.3.jar;D:\Workspace\MavenRepository\org\hibernate\hibernate-core\5.4.30.Final\hibernate-core-5.4.30.Final.jar;D:\Workspace\MavenRepository\org\jboss\logging\jboss-logging\3.4.1.Final\jboss-logging-3.4.1.Final.jar;D:\Workspace\MavenRepository\org\javassist\javassist\3.27.0-GA\javassist-3.27.0-GA.jar;D:\Workspace\MavenRepository\antlr\antlr\2.7.7\antlr-2.7.7.jar;D:\Workspace\MavenRepository\org\jboss\jandex\2.2.3.Final\jandex-2.2.3.Final.jar;D:\Workspace\MavenRepository\com\fasterxml\classmate\1.5.1\classmate-1.5.1.jar;D:\Workspace\MavenRepository\org\dom4j\dom4j\2.1.3\dom4j-2.1.3.jar;D:\Workspace\MavenRepository\org\hibernate\common\hibernate-commons-annotations\5.1.2.Final\hibernate-commons-annotations-5.1.2.Final.jar;D:\Workspace\MavenRepository\org\glassfish\jaxb\jaxb-runtime\2.3.4\jaxb-runtime-2.3.4.jar;D:\Workspace\MavenRepository\org\glassfish\jaxb\txw2\2.3.4\txw2-2.3.4.jar;D:\Workspace\MavenRepository\com\sun\istack\istack-commons-runtime\3.0.12\istack-commons-runtime-3.0.12.jar;D:\Workspace\MavenRepository\com\sun\activation\jakarta.activation\1.2.2\jakarta.activation-1.2.2.jar;D:\Workspace\MavenRepository\org\springframework\data\spring-data-jpa\2.4.8\spring-data-jpa-2.4.8.jar;D:\Workspace\MavenRepository\org\springframework\data\spring-data-commons\2.4.8\spring-data-commons-2.4.8.jar;D:\Workspace\MavenRepository\org\springframework\spring-orm\5.3.6\spring-orm-5.3.6.jar;D:\Workspace\MavenRepository\org\springframework\spring-tx\5.3.6\spring-tx-5.3.6.jar;D:\Workspace\MavenRepository\org\springframework\spring-beans\5.3.6\spring-beans-5.3.6.jar;D:\Workspace\MavenRepository\org\springframework\spring-aspects\5.3.6\spring-aspects-5.3.6.jar;D:\Workspace\MavenRepository\org\springframework\boot\spring-boot-starter-web\2.4.5\spring-boot-starter-web-2.4.5.jar;D:\Workspace\MavenRepository\org\springframework\boot\spring-boot-starter-json\2.4.5\spring-boot-starter-json-2.4.5.jar;D:\Workspace\MavenRepository\com\fasterxml\jackson\datatype\jackson-datatype-jdk8\2.11.4\jackson-datatype-jdk8-2.11.4.jar;D:\Workspace\MavenRepository\com\fasterxml\jackson\datatype\jackson-datatype-jsr310\2.11.4\jackson-datatype-jsr310-2.11.4.jar;D:\Workspace\MavenRepository\com\fasterxml\jackson\module\jackson-module-parameter-names\2.11.4\jackson-module-parameter-names-2.11.4.jar;D:\Workspace\MavenRepository\org\springframework\boot\spring-boot-starter-tomcat\2.4.5\spring-boot-starter-tomcat-2.4.5.jar;D:\Workspace\MavenRepository\org\apache\tomcat\embed\tomcat-embed-core\9.0.45\tomcat-embed-core-9.0.45.jar;D:\Workspace\MavenRepository\org\glassfish\jakarta.el\3.0.3\jakarta.el-3.0.3.jar;D:\Workspace\MavenRepository\org\apache\tomcat\embed\tomcat-embed-websocket\9.0.45\tomcat-embed-websocket-9.0.45.jar;D:\Workspace\MavenRepository\org\springframework\spring-web\5.3.6\spring-web-5.3.6.jar;D:\Workspace\MavenRepository\org\springframework\spring-webmvc\5.3.6\spring-webmvc-5.3.6.jar;D:\Workspace\MavenRepository\org\springframework\spring-expression\5.3.6\spring-expression-5.3.6.jar;D:\Workspace\MavenRepository\com\baomidou\mybatis-plus-boot-starter\3.4.2\mybatis-plus-boot-starter-3.4.2.jar;D:\Workspace\MavenRepository\com\baomidou\mybatis-plus\3.4.2\mybatis-plus-3.4.2.jar;D:\Workspace\MavenRepository\org\projectlombok\lombok\1.18.20\lombok-1.18.20.jar;D:\Workspace\MavenRepository\ch\qos\logback\logback-core\1.2.3\logback-core-1.2.3.jar;D:\Workspace\MavenRepository\com\alibaba\fastjson\1.2.76\fastjson-1.2.76.jar;D:\Workspace\MavenRepository\com\baomidou\mybatis-plus-generator\3.4.0\mybatis-plus-generator-3.4.0.jar;D:\Workspace\MavenRepository\com\baomidou\mybatis-plus-extension\3.4.0\mybatis-plus-extension-3.4.0.jar;D:\Workspace\MavenRepository\com\baomidou\mybatis-plus-core\3.4.0\mybatis-plus-core-3.4.0.jar;D:\Workspace\MavenRepository\com\baomidou\mybatis-plus-annotation\3.4.0\mybatis-plus-annotation-3.4.0.jar;D:\Workspace\MavenRepository\com\github\jsqlparser\jsqlparser\3.2\jsqlparser-3.2.jar;D:\Workspace\MavenRepository\org\mybatis\mybatis\3.5.5\mybatis-3.5.5.jar;D:\Workspace\MavenRepository\org\mybatis\mybatis-spring\2.0.5\mybatis-spring-2.0.5.jar;D:\Workspace\MavenRepository\mysql\mysql-connector-java\8.0.23\mysql-connector-java-8.0.23.jar;D:\Workspace\MavenRepository\joda-time\joda-time\2.10.1\joda-time-2.10.1.jar;D:\Workspace\MavenRepository\com\alibaba\druid-spring-boot-starter\1.2.1\druid-spring-boot-starter-1.2.1.jar;D:\Workspace\MavenRepository\com\alibaba\druid\1.2.1\druid-1.2.1.jar;D:\Workspace\MavenRepository\org\slf4j\slf4j-api\1.7.30\slf4j-api-1.7.30.jar;D:\Workspace\MavenRepository\com\auth0\java-jwt\4.3.0\java-jwt-4.3.0.jar;D:\Workspace\MavenRepository\com\fasterxml\jackson\core\jackson-databind\2.11.4\jackson-databind-2.11.4.jar;D:\Workspace\MavenRepository\com\fasterxml\jackson\core\jackson-annotations\2.11.4\jackson-annotations-2.11.4.jar;D:\Workspace\MavenRepository\cn\dev33\sa-token-spring-boot-starter\1.34.0\sa-token-spring-boot-starter-1.34.0.jar;D:\Workspace\MavenRepository\cn\dev33\sa-token-servlet\1.34.0\sa-token-servlet-1.34.0.jar;D:\Workspace\MavenRepository\cn\dev33\sa-token-core\1.34.0\sa-token-core-1.34.0.jar;D:\Workspace\MavenRepository\cn\dev33\sa-token-spring-boot-autoconfig\1.34.0\sa-token-spring-boot-autoconfig-1.34.0.jar;D:\Workspace\MavenRepository\commons-io\commons-io\2.11.0\commons-io-2.11.0.jar;D:\Workspace\MavenRepository\org\apache\commons\commons-lang3\3.11\commons-lang3-3.11.jar;D:\Workspace\MavenRepository\org\apache\tika\tika-parsers\1.17\tika-parsers-1.17.jar;D:\Workspace\MavenRepository\org\apache\tika\tika-core\1.17\tika-core-1.17.jar;D:\Workspace\MavenRepository\org\gagravarr\vorbis-java-tika\0.8\vorbis-java-tika-0.8.jar;D:\Workspace\MavenRepository\com\healthmarketscience\jackcess\jackcess\2.1.8\jackcess-2.1.8.jar;D:\Workspace\MavenRepository\commons-lang\commons-lang\2.6\commons-lang-2.6.jar;D:\Workspace\MavenRepository\com\healthmarketscience\jackcess\jackcess-encrypt\2.1.2\jackcess-encrypt-2.1.2.jar;D:\Workspace\MavenRepository\org\tallison\jmatio\1.2\jmatio-1.2.jar;D:\Workspace\MavenRepository\org\apache\james\apache-mime4j-core\0.8.1\apache-mime4j-core-0.8.1.jar;D:\Workspace\MavenRepository\org\apache\james\apache-mime4j-dom\0.8.1\apache-mime4j-dom-0.8.1.jar;D:\Workspace\MavenRepository\org\apache\commons\commons-compress\1.14\commons-compress-1.14.jar;D:\Workspace\MavenRepository\org\tukaani\xz\1.6\xz-1.6.jar;D:\Workspace\MavenRepository\commons-codec\commons-codec\1.15\commons-codec-1.15.jar;D:\Workspace\MavenRepository\org\apache\pdfbox\pdfbox\2.0.8\pdfbox-2.0.8.jar;D:\Workspace\MavenRepository\org\apache\pdfbox\fontbox\2.0.8\fontbox-2.0.8.jar;D:\Workspace\MavenRepository\org\apache\pdfbox\pdfbox-tools\2.0.8\pdfbox-tools-2.0.8.jar;D:\Workspace\MavenRepository\org\apache\pdfbox\jempbox\1.8.13\jempbox-1.8.13.jar;D:\Workspace\MavenRepository\org\bouncycastle\bcmail-jdk15on\1.54\bcmail-jdk15on-1.54.jar;D:\Workspace\MavenRepository\org\bouncycastle\bcpkix-jdk15on\1.54\bcpkix-jdk15on-1.54.jar;D:\Workspace\MavenRepository\org\bouncycastle\bcprov-jdk15on\1.54\bcprov-jdk15on-1.54.jar;D:\Workspace\MavenRepository\org\apache\poi\poi\3.17\poi-3.17.jar;D:\Workspace\MavenRepository\org\apache\commons\commons-collections4\4.1\commons-collections4-4.1.jar;D:\Workspace\MavenRepository\org\apache\poi\poi-scratchpad\3.17\poi-scratchpad-3.17.jar;D:\Workspace\MavenRepository\org\apache\poi\poi-ooxml\3.17\poi-ooxml-3.17.jar;D:\Workspace\MavenRepository\org\apache\poi\poi-ooxml-schemas\3.17\poi-ooxml-schemas-3.17.jar;D:\Workspace\MavenRepository\org\apache\xmlbeans\xmlbeans\2.6.0\xmlbeans-2.6.0.jar;D:\Workspace\MavenRepository\com\github\virtuald\curvesapi\1.04\curvesapi-1.04.jar;D:\Workspace\MavenRepository\org\ccil\cowan\tagsoup\tagsoup\1.2.1\tagsoup-1.2.1.jar;D:\Workspace\MavenRepository\org\ow2\asm\asm\5.0.4\asm-5.0.4.jar;D:\Workspace\MavenRepository\com\googlecode\mp4parser\isoparser\1.1.18\isoparser-1.1.18.jar;D:\Workspace\MavenRepository\com\drewnoakes\metadata-extractor\2.10.1\metadata-extractor-2.10.1.jar;D:\Workspace\MavenRepository\com\adobe\xmp\xmpcore\5.1.3\xmpcore-5.1.3.jar;D:\Workspace\MavenRepository\de\l3s\boilerpipe\boilerpipe\1.1.0\boilerpipe-1.1.0.jar;D:\Workspace\MavenRepository\com\rometools\rome\1.5.1\rome-1.5.1.jar;D:\Workspace\MavenRepository\com\rometools\rome-utils\1.5.1\rome-utils-1.5.1.jar;D:\Workspace\MavenRepository\org\gagravarr\vorbis-java-core\0.8\vorbis-java-core-0.8.jar;D:\Workspace\MavenRepository\com\googlecode\juniversalchardet\juniversalchardet\1.0.3\juniversalchardet-1.0.3.jar;D:\Workspace\MavenRepository\org\codelibs\jhighlight\1.0.2\jhighlight-1.0.2.jar;D:\Workspace\MavenRepository\com\pff\java-libpst\0.8.1\java-libpst-0.8.1.jar;D:\Workspace\MavenRepository\com\github\junrar\junrar\0.7\junrar-0.7.jar;D:\Workspace\MavenRepository\org\apache\cxf\cxf-rt-rs-client\3.0.16\cxf-rt-rs-client-3.0.16.jar;D:\Workspace\MavenRepository\org\apache\cxf\cxf-rt-transports-http\3.0.16\cxf-rt-transports-http-3.0.16.jar;D:\Workspace\MavenRepository\org\apache\cxf\cxf-core\3.0.16\cxf-core-3.0.16.jar;D:\Workspace\MavenRepository\org\codehaus\woodstox\woodstox-core-asl\4.4.1\woodstox-core-asl-4.4.1.jar;D:\Workspace\MavenRepository\org\codehaus\woodstox\stax2-api\3.1.4\stax2-api-3.1.4.jar;D:\Workspace\MavenRepository\org\apache\ws\xmlschema\xmlschema-core\2.2.2\xmlschema-core-2.2.2.jar;D:\Workspace\MavenRepository\org\apache\cxf\cxf-rt-frontend-jaxrs\3.0.16\cxf-rt-frontend-jaxrs-3.0.16.jar;D:\Workspace\MavenRepository\javax\ws\rs\javax.ws.rs-api\2.0.1\javax.ws.rs-api-2.0.1.jar;D:\Workspace\MavenRepository\javax\annotation\javax.annotation-api\1.3.2\javax.annotation-api-1.3.2.jar;D:\Workspace\MavenRepository\org\apache\commons\commons-exec\1.3\commons-exec-1.3.jar;D:\Workspace\MavenRepository\org\apache\opennlp\opennlp-tools\1.8.3\opennlp-tools-1.8.3.jar;D:\Workspace\MavenRepository\com\googlecode\json-simple\json-simple\1.1.1\json-simple-1.1.1.jar;D:\Workspace\MavenRepository\com\tdunning\json\1.8\json-1.8.jar;D:\Workspace\MavenRepository\com\google\code\gson\gson\2.8.6\gson-2.8.6.jar;D:\Workspace\MavenRepository\org\slf4j\jul-to-slf4j\1.7.30\jul-to-slf4j-1.7.30.jar;D:\Workspace\MavenRepository\org\slf4j\jcl-over-slf4j\1.7.30\jcl-over-slf4j-1.7.30.jar;D:\Workspace\MavenRepository\edu\ucar\netcdf4\4.5.5\netcdf4-4.5.5.jar;D:\Workspace\MavenRepository\net\jcip\jcip-annotations\1.0\jcip-annotations-1.0.jar;D:\Workspace\MavenRepository\net\java\dev\jna\jna\4.1.0\jna-4.1.0.jar;D:\Workspace\MavenRepository\edu\ucar\grib\4.5.5\grib-4.5.5.jar;D:\Workspace\MavenRepository\com\google\protobuf\protobuf-java\2.5.0\protobuf-java-2.5.0.jar;D:\Workspace\MavenRepository\org\jdom\jdom2\2.0.6\jdom2-2.0.6.jar;D:\Workspace\MavenRepository\org\jsoup\jsoup\1.7.2\jsoup-1.7.2.jar;D:\Workspace\MavenRepository\org\itadaki\bzip2\0.9.1\bzip2-0.9.1.jar;D:\Workspace\MavenRepository\edu\ucar\cdm\4.5.5\cdm-4.5.5.jar;D:\Workspace\MavenRepository\edu\ucar\udunits\4.5.5\udunits-4.5.5.jar;D:\Workspace\MavenRepository\org\apache\httpcomponents\httpcore\4.4.14\httpcore-4.4.14.jar;D:\Workspace\MavenRepository\org\quartz-scheduler\quartz\2.3.2\quartz-2.3.2.jar;D:\Workspace\MavenRepository\com\mchange\mchange-commons-java\0.2.15\mchange-commons-java-0.2.15.jar;D:\Workspace\MavenRepository\net\sf\ehcache\ehcache-core\2.6.2\ehcache-core-2.6.2.jar;D:\Workspace\MavenRepository\com\google\guava\guava\17.0\guava-17.0.jar;D:\Workspace\MavenRepository\com\beust\jcommander\1.35\jcommander-1.35.jar;D:\Workspace\MavenRepository\edu\ucar\httpservices\4.5.5\httpservices-4.5.5.jar;D:\Workspace\MavenRepository\org\apache\httpcomponents\httpclient\4.5.13\httpclient-4.5.13.jar;D:\Workspace\MavenRepository\org\apache\httpcomponents\httpmime\4.5.13\httpmime-4.5.13.jar;D:\Workspace\MavenRepository\org\apache\commons\commons-csv\1.0\commons-csv-1.0.jar;D:\Workspace\MavenRepository\org\apache\sis\core\sis-utility\0.6\sis-utility-0.6.jar;D:\Workspace\MavenRepository\org\apache\sis\storage\sis-netcdf\0.6\sis-netcdf-0.6.jar;D:\Workspace\MavenRepository\org\apache\sis\storage\sis-storage\0.6\sis-storage-0.6.jar;D:\Workspace\MavenRepository\org\apache\sis\core\sis-referencing\0.6\sis-referencing-0.6.jar;D:\Workspace\MavenRepository\org\apache\sis\core\sis-metadata\0.6\sis-metadata-0.6.jar;D:\Workspace\MavenRepository\org\opengis\geoapi\3.0.0\geoapi-3.0.0.jar;D:\Workspace\MavenRepository\javax\measure\jsr-275\0.9.3\jsr-275-0.9.3.jar;D:\Workspace\MavenRepository\edu\usc\ir\sentiment-analysis-parser\0.1\sentiment-analysis-parser-0.1.jar;D:\Workspace\MavenRepository\com\fasterxml\jackson\core\jackson-core\2.11.4\jackson-core-2.11.4.jar;D:\Workspace\MavenRepository\cn\hutool\hutool-all\5.8.8\hutool-all-5.8.8.jar;D:\Workspace\MavenRepository\org\springframework\boot\spring-boot-starter-actuator\2.4.5\spring-boot-starter-actuator-2.4.5.jar;D:\Workspace\MavenRepository\org\springframework\boot\spring-boot-actuator-autoconfigure\2.4.5\spring-boot-actuator-autoconfigure-2.4.5.jar;D:\Workspace\MavenRepository\org\springframework\boot\spring-boot-actuator\2.4.5\spring-boot-actuator-2.4.5.jar;D:\Workspace\MavenRepository\io\micrometer\micrometer-core\1.6.6\micrometer-core-1.6.6.jar;D:\Workspace\MavenRepository\org\hdrhistogram\HdrHistogram\2.1.12\HdrHistogram-2.1.12.jar;D:\Workspace\MavenRepository\org\latencyutils\LatencyUtils\2.0.3\LatencyUtils-2.0.3.jar;"/>
    <property name="sun.cpu.endian" value="little"/>
    <property name="user.home" value="C:\Users\ZR"/>
    <property name="user.language" value="zh"/>
    <property name="java.specification.vendor" value="Oracle Corporation"/>
    <property name="java.home" value="C:\Program Files\Java\jdk1.8.0_221\jre"/>
    <property name="basedir" value="D:\项目及报告\Project\code-obfuscation"/>
    <property name="file.separator" value="\"/>
    <property name="line.separator" value="&#10;"/>
    <property name="java.vm.specification.vendor" value="Oracle Corporation"/>
    <property name="java.specification.name" value="Java Platform API Specification"/>
    <property name="java.awt.graphicsenv" value="sun.awt.Win32GraphicsEnvironment"/>
    <property name="surefire.real.class.path" value="C:\Users\ZR\AppData\Local\Temp\surefire3622170195635748512\surefirebooter995751815517874369.jar"/>
    <property name="sun.boot.class.path" value="C:\Program Files\Java\jdk1.8.0_221\jre\lib\resources.jar;C:\Program Files\Java\jdk1.8.0_221\jre\lib\rt.jar;C:\Program Files\Java\jdk1.8.0_221\jre\lib\sunrsasign.jar;C:\Program Files\Java\jdk1.8.0_221\jre\lib\jsse.jar;C:\Program Files\Java\jdk1.8.0_221\jre\lib\jce.jar;C:\Program Files\Java\jdk1.8.0_221\jre\lib\charsets.jar;C:\Program Files\Java\jdk1.8.0_221\jre\lib\jfr.jar;C:\Program Files\Java\jdk1.8.0_221\jre\classes"/>
    <property name="user.script" value=""/>
    <property name="sun.management.compiler" value="HotSpot 64-Bit Tiered Compilers"/>
    <property name="java.runtime.version" value="1.8.0_221-b11"/>
    <property name="user.name" value="ZR"/>
    <property name="path.separator" value=";"/>
    <property name="os.version" value="10.0"/>
    <property name="java.endorsed.dirs" value="C:\Program Files\Java\jdk1.8.0_221\jre\lib\endorsed"/>
    <property name="java.runtime.name" value="Java(TM) SE Runtime Environment"/>
    <property name="file.encoding" value="GBK"/>
    <property name="java.vm.name" value="Java HotSpot(TM) 64-Bit Server VM"/>
    <property name="localRepository" value="D:\Workspace\MavenRepository"/>
    <property name="java.vendor.url.bug" value="http://bugreport.sun.com/bugreport/"/>
    <property name="java.io.tmpdir" value="C:\Users\ZR\AppData\Local\Temp\"/>
    <property name="idea.version" value="2021.3"/>
    <property name="java.version" value="1.8.0_221"/>
    <property name="user.dir" value="D:\项目及报告\Project\code-obfuscation"/>
    <property name="os.arch" value="amd64"/>
    <property name="java.vm.specification.name" value="Java Virtual Machine Specification"/>
    <property name="java.awt.printerjob" value="sun.awt.windows.WPrinterJob"/>
    <property name="sun.os.patch.level" value=""/>
    <property name="java.library.path" value="C:\Program Files\Java\jdk1.8.0_221\jre\bin;C:\WINDOWS\Sun\Java\bin;C:\WINDOWS\system32;C:\WINDOWS;D:\Python3\Scripts\;D:\Python3\;D:\VMware Workstation Pro\bin\;C:\Program Files (x86)\Common Files\Oracle\Java\javapath;D:\VMware\VMware Workstation\bin;C:\Windows\system32;C:\Windows;C:\Windows\System32\Wbem;C:\Windows\System32\WindowsPowerShell\v1.0\;C:\Windows\System32\OpenSSH\;C:\Program Files (x86)\NVIDIA Corporation\PhysX\Common;C:\Program Files\NVIDIA Corporation\NVIDIA NvDLISR;C:\WINDOWS\system32;C:\WINDOWS;C:\WINDOWS\System32\Wbem;C:\WINDOWS\System32\WindowsPowerShell\v1.0\;C:\WINDOWS\System32\OpenSSH\;C:\Program Files\nodejs\;D:\Golang\bin;D:\VS code\Microsoft VS Code\bin;D:\mingw64\bin;D:\Java\IDEA\IntelliJ IDEA 2021.3\bin;C:\Users\ZR\AppData\Roaming\npm;C:\Users\ZR\go\bin;C:\Program Files\Java\jdk1.8.0_221\bin\bin;D:\GoLand\GoLand 2022.3.4\bin;D:\Datebase\Mysql\MySQL_Server\bin;C:\Program Files\Docker\Docker\resources\bin;D:\Node\nodejs\node_global;D:\Node\nodejs\;D:\Git\cmd;D:\VS code\Microsoft VS Code\bin;D:\mingw64\bin;D:\Java\IDEA\IntelliJ IDEA 2021.3\bin;;C:\Users\ZR\AppData\Roaming\npm;C:\Users\ZR\go\bin;D:\GoLand\GoLand 2022.3.4\bin;;;."/>
    <property name="java.vm.info" value="mixed mode"/>
    <property name="java.vendor" value="Oracle Corporation"/>
    <property name="java.vm.version" value="25.221-b11"/>
    <property name="java.ext.dirs" value="C:\Program Files\Java\jdk1.8.0_221\jre\lib\ext;C:\WINDOWS\Sun\Java\lib\ext"/>
    <property name="sun.io.unicode.encoding" value="UnicodeLittle"/>
    <property name="java.class.version" value="52.0"/>
  </properties>
  <testcase name="testShellScript" classname="com.refengSGL.test.ShellTest" time="0"/>
</testsuite>